<?xml version="1.0" encoding="UTF-8"?>
<testsuite xmlns:xsi="http://www.w3.org/2001/XMLSchema-instance" xsi:noNamespaceSchemaLocation="https://maven.apache.org/surefire/maven-surefire-plugin/xsd/surefire-test-report.xsd" name="com.valtech.training.assignment5loanmang.Assignment5LoanMangApplicationTests" time="1.61" tests="1" errors="0" skipped="0" failures="0">
  <properties>
    <property name="java.specification.version" value="17"/>
    <property name="sun.jnu.encoding" value="UTF-8"/>
    <property name="java.class.path" value="/Users/indrajeet.khatri/eclipse-workspace/gitdemo/assignment5-loan-mang/target/test-classes:/Users/indrajeet.khatri/eclipse-workspace/gitdemo/assignment5-loan-mang/target/classes:/Users/indrajeet.khatri/.m2/repository/org/apache/cxf/cxf-spring-boot-starter-jaxws/3.5.4/cxf-spring-boot-starter-jaxws-3.5.4.jar:/Users/indrajeet.khatri/.m2/repository/org/springframework/boot/spring-boot-starter/2.7.4/spring-boot-starter-2.7.4.jar:/Users/indrajeet.khatri/.m2/repository/org/springframework/boot/spring-boot-starter-logging/2.7.4/spring-boot-starter-logging-2.7.4.jar:/Users/indrajeet.khatri/.m2/repository/ch/qos/logback/logback-classic/1.2.11/logback-classic-1.2.11.jar:/Users/indrajeet.khatri/.m2/repository/ch/qos/logback/logback-core/1.2.11/logback-core-1.2.11.jar:/Users/indrajeet.khatri/.m2/repository/org/apache/logging/log4j/log4j-to-slf4j/2.17.2/log4j-to-slf4j-2.17.2.jar:/Users/indrajeet.khatri/.m2/repository/org/apache/logging/log4j/log4j-api/2.17.2/log4j-api-2.17.2.jar:/Users/indrajeet.khatri/.m2/repository/org/slf4j/jul-to-slf4j/1.7.36/jul-to-slf4j-1.7.36.jar:/Users/indrajeet.khatri/.m2/repository/org/yaml/snakeyaml/1.30/snakeyaml-1.30.jar:/Users/indrajeet.khatri/.m2/repository/org/apache/cxf/cxf-spring-boot-autoconfigure/3.5.4/cxf-spring-boot-autoconfigure-3.5.4.jar:/Users/indrajeet.khatri/.m2/repository/org/apache/cxf/cxf-rt-transports-http/3.5.4/cxf-rt-transports-http-3.5.4.jar:/Users/indrajeet.khatri/.m2/repository/org/apache/cxf/cxf-core/3.5.4/cxf-core-3.5.4.jar:/Users/indrajeet.khatri/.m2/repository/com/fasterxml/woodstox/woodstox-core/6.2.8/woodstox-core-6.2.8.jar:/Users/indrajeet.khatri/.m2/repository/org/codehaus/woodstox/stax2-api/4.2.1/stax2-api-4.2.1.jar:/Users/indrajeet.khatri/.m2/repository/org/apache/ws/xmlschema/xmlschema-core/2.3.0/xmlschema-core-2.3.0.jar:/Users/indrajeet.khatri/.m2/repository/org/apache/cxf/cxf-rt-frontend-jaxws/3.5.4/cxf-rt-frontend-jaxws-3.5.4.jar:/Users/indrajeet.khatri/.m2/repository/xml-resolver/xml-resolver/1.2/xml-resolver-1.2.jar:/Users/indrajeet.khatri/.m2/repository/org/ow2/asm/asm/9.3/asm-9.3.jar:/Users/indrajeet.khatri/.m2/repository/org/apache/cxf/cxf-rt-bindings-soap/3.5.4/cxf-rt-bindings-soap-3.5.4.jar:/Users/indrajeet.khatri/.m2/repository/org/apache/cxf/cxf-rt-wsdl/3.5.4/cxf-rt-wsdl-3.5.4.jar:/Users/indrajeet.khatri/.m2/repository/wsdl4j/wsdl4j/1.6.3/wsdl4j-1.6.3.jar:/Users/indrajeet.khatri/.m2/repository/org/apache/cxf/cxf-rt-databinding-jaxb/3.5.4/cxf-rt-databinding-jaxb-3.5.4.jar:/Users/indrajeet.khatri/.m2/repository/org/apache/cxf/cxf-rt-bindings-xml/3.5.4/cxf-rt-bindings-xml-3.5.4.jar:/Users/indrajeet.khatri/.m2/repository/org/apache/cxf/cxf-rt-frontend-simple/3.5.4/cxf-rt-frontend-simple-3.5.4.jar:/Users/indrajeet.khatri/.m2/repository/org/apache/cxf/cxf-rt-ws-addr/3.5.4/cxf-rt-ws-addr-3.5.4.jar:/Users/indrajeet.khatri/.m2/repository/org/apache/cxf/cxf-rt-ws-policy/3.5.4/cxf-rt-ws-policy-3.5.4.jar:/Users/indrajeet.khatri/.m2/repository/org/apache/neethi/neethi/3.2.0/neethi-3.2.0.jar:/Users/indrajeet.khatri/.m2/repository/org/apache/cxf/cxf-rt-features-metrics/3.5.4/cxf-rt-features-metrics-3.5.4.jar:/Users/indrajeet.khatri/.m2/repository/jakarta/validation/jakarta.validation-api/2.0.2/jakarta.validation-api-2.0.2.jar:/Users/indrajeet.khatri/.m2/repository/org/springframework/boot/spring-boot-starter-validation/2.7.4/spring-boot-starter-validation-2.7.4.jar:/Users/indrajeet.khatri/.m2/repository/org/apache/tomcat/embed/tomcat-embed-el/9.0.65/tomcat-embed-el-9.0.65.jar:/Users/indrajeet.khatri/.m2/repository/org/hibernate/validator/hibernate-validator/6.2.5.Final/hibernate-validator-6.2.5.Final.jar:/Users/indrajeet.khatri/.m2/repository/jakarta/annotation/jakarta.annotation-api/1.3.5/jakarta.annotation-api-1.3.5.jar:/Users/indrajeet.khatri/.m2/repository/jakarta/xml/ws/jakarta.xml.ws-api/2.3.3/jakarta.xml.ws-api-2.3.3.jar:/Users/indrajeet.khatri/.m2/repository/jakarta/jws/jakarta.jws-api/2.1.0/jakarta.jws-api-2.1.0.jar:/Users/indrajeet.khatri/.m2/repository/jakarta/xml/soap/jakarta.xml.soap-api/1.4.2/jakarta.xml.soap-api-1.4.2.jar:/Users/indrajeet.khatri/.m2/repository/jakarta/activation/jakarta.activation-api/1.2.2/jakarta.activation-api-1.2.2.jar:/Users/indrajeet.khatri/.m2/repository/com/sun/activation/jakarta.activation/1.2.2/jakarta.activation-1.2.2.jar:/Users/indrajeet.khatri/.m2/repository/com/sun/xml/messaging/saaj/saaj-impl/1.5.3/saaj-impl-1.5.3.jar:/Users/indrajeet.khatri/.m2/repository/org/jvnet/staxex/stax-ex/1.8.3/stax-ex-1.8.3.jar:/Users/indrajeet.khatri/.m2/repository/org/apache/geronimo/specs/geronimo-jta_1.1_spec/1.1.1/geronimo-jta_1.1_spec-1.1.1.jar:/Users/indrajeet.khatri/.m2/repository/org/springframework/boot/spring-boot-starter-data-jpa/2.7.4/spring-boot-starter-data-jpa-2.7.4.jar:/Users/indrajeet.khatri/.m2/repository/org/springframework/boot/spring-boot-starter-aop/2.7.4/spring-boot-starter-aop-2.7.4.jar:/Users/indrajeet.khatri/.m2/repository/org/springframework/spring-aop/5.3.23/spring-aop-5.3.23.jar:/Users/indrajeet.khatri/.m2/repository/org/aspectj/aspectjweaver/1.9.7/aspectjweaver-1.9.7.jar:/Users/indrajeet.khatri/.m2/repository/org/springframework/boot/spring-boot-starter-jdbc/2.7.4/spring-boot-starter-jdbc-2.7.4.jar:/Users/indrajeet.khatri/.m2/repository/com/zaxxer/HikariCP/4.0.3/HikariCP-4.0.3.jar:/Users/indrajeet.khatri/.m2/repository/org/springframework/spring-jdbc/5.3.23/spring-jdbc-5.3.23.jar:/Users/indrajeet.khatri/.m2/repository/jakarta/transaction/jakarta.transaction-api/1.3.3/jakarta.transaction-api-1.3.3.jar:/Users/indrajeet.khatri/.m2/repository/jakarta/persistence/jakarta.persistence-api/2.2.3/jakarta.persistence-api-2.2.3.jar:/Users/indrajeet.khatri/.m2/repository/org/hibernate/hibernate-core/5.6.11.Final/hibernate-core-5.6.11.Final.jar:/Users/indrajeet.khatri/.m2/repository/org/jboss/logging/jboss-logging/3.4.3.Final/jboss-logging-3.4.3.Final.jar:/Users/indrajeet.khatri/.m2/repository/net/bytebuddy/byte-buddy/1.12.17/byte-buddy-1.12.17.jar:/Users/indrajeet.khatri/.m2/repository/antlr/antlr/2.7.7/antlr-2.7.7.jar:/Users/indrajeet.khatri/.m2/repository/org/jboss/jandex/2.4.2.Final/jandex-2.4.2.Final.jar:/Users/indrajeet.khatri/.m2/repository/com/fasterxml/classmate/1.5.1/classmate-1.5.1.jar:/Users/indrajeet.khatri/.m2/repository/org/hibernate/common/hibernate-commons-annotations/5.1.2.Final/hibernate-commons-annotations-5.1.2.Final.jar:/Users/indrajeet.khatri/.m2/repository/org/glassfish/jaxb/jaxb-runtime/2.3.6/jaxb-runtime-2.3.6.jar:/Users/indrajeet.khatri/.m2/repository/org/glassfish/jaxb/txw2/2.3.6/txw2-2.3.6.jar:/Users/indrajeet.khatri/.m2/repository/com/sun/istack/istack-commons-runtime/3.0.12/istack-commons-runtime-3.0.12.jar:/Users/indrajeet.khatri/.m2/repository/org/springframework/data/spring-data-jpa/2.7.3/spring-data-jpa-2.7.3.jar:/Users/indrajeet.khatri/.m2/repository/org/springframework/data/spring-data-commons/2.7.3/spring-data-commons-2.7.3.jar:/Users/indrajeet.khatri/.m2/repository/org/springframework/spring-orm/5.3.23/spring-orm-5.3.23.jar:/Users/indrajeet.khatri/.m2/repository/org/springframework/spring-context/5.3.23/spring-context-5.3.23.jar:/Users/indrajeet.khatri/.m2/repository/org/springframework/spring-tx/5.3.23/spring-tx-5.3.23.jar:/Users/indrajeet.khatri/.m2/repository/org/springframework/spring-beans/5.3.23/spring-beans-5.3.23.jar:/Users/indrajeet.khatri/.m2/repository/org/slf4j/slf4j-api/1.7.36/slf4j-api-1.7.36.jar:/Users/indrajeet.khatri/.m2/repository/org/springframework/spring-aspects/5.3.23/spring-aspects-5.3.23.jar:/Users/indrajeet.khatri/.m2/repository/org/springframework/boot/spring-boot-starter-web/2.7.4/spring-boot-starter-web-2.7.4.jar:/Users/indrajeet.khatri/.m2/repository/org/springframework/boot/spring-boot-starter-json/2.7.4/spring-boot-starter-json-2.7.4.jar:/Users/indrajeet.khatri/.m2/repository/com/fasterxml/jackson/core/jackson-databind/2.13.4/jackson-databind-2.13.4.jar:/Users/indrajeet.khatri/.m2/repository/com/fasterxml/jackson/core/jackson-annotations/2.13.4/jackson-annotations-2.13.4.jar:/Users/indrajeet.khatri/.m2/repository/com/fasterxml/jackson/core/jackson-core/2.13.4/jackson-core-2.13.4.jar:/Users/indrajeet.khatri/.m2/repository/com/fasterxml/jackson/datatype/jackson-datatype-jdk8/2.13.4/jackson-datatype-jdk8-2.13.4.jar:/Users/indrajeet.khatri/.m2/repository/com/fasterxml/jackson/datatype/jackson-datatype-jsr310/2.13.4/jackson-datatype-jsr310-2.13.4.jar:/Users/indrajeet.khatri/.m2/repository/com/fasterxml/jackson/module/jackson-module-parameter-names/2.13.4/jackson-module-parameter-names-2.13.4.jar:/Users/indrajeet.khatri/.m2/repository/org/springframework/boot/spring-boot-starter-tomcat/2.7.4/spring-boot-starter-tomcat-2.7.4.jar:/Users/indrajeet.khatri/.m2/repository/org/apache/tomcat/embed/tomcat-embed-core/9.0.65/tomcat-embed-core-9.0.65.jar:/Users/indrajeet.khatri/.m2/repository/org/apache/tomcat/embed/tomcat-embed-websocket/9.0.65/tomcat-embed-websocket-9.0.65.jar:/Users/indrajeet.khatri/.m2/repository/org/springframework/spring-web/5.3.23/spring-web-5.3.23.jar:/Users/indrajeet.khatri/.m2/repository/org/springframework/spring-webmvc/5.3.23/spring-webmvc-5.3.23.jar:/Users/indrajeet.khatri/.m2/repository/org/springframework/spring-expression/5.3.23/spring-expression-5.3.23.jar:/Users/indrajeet.khatri/.m2/repository/org/springframework/boot/spring-boot-devtools/2.7.4/spring-boot-devtools-2.7.4.jar:/Users/indrajeet.khatri/.m2/repository/org/springframework/boot/spring-boot/2.7.4/spring-boot-2.7.4.jar:/Users/indrajeet.khatri/.m2/repository/org/springframework/boot/spring-boot-autoconfigure/2.7.4/spring-boot-autoconfigure-2.7.4.jar:/Users/indrajeet.khatri/.m2/repository/org/postgresql/postgresql/42.3.7/postgresql-42.3.7.jar:/Users/indrajeet.khatri/.m2/repository/org/checkerframework/checker-qual/3.5.0/checker-qual-3.5.0.jar:/Users/indrajeet.khatri/.m2/repository/org/springframework/boot/spring-boot-starter-test/2.7.4/spring-boot-starter-test-2.7.4.jar:/Users/indrajeet.khatri/.m2/repository/org/springframework/boot/spring-boot-test/2.7.4/spring-boot-test-2.7.4.jar:/Users/indrajeet.khatri/.m2/repository/org/springframework/boot/spring-boot-test-autoconfigure/2.7.4/spring-boot-test-autoconfigure-2.7.4.jar:/Users/indrajeet.khatri/.m2/repository/com/jayway/jsonpath/json-path/2.7.0/json-path-2.7.0.jar:/Users/indrajeet.khatri/.m2/repository/net/minidev/json-smart/2.4.8/json-smart-2.4.8.jar:/Users/indrajeet.khatri/.m2/repository/net/minidev/accessors-smart/2.4.8/accessors-smart-2.4.8.jar:/Users/indrajeet.khatri/.m2/repository/jakarta/xml/bind/jakarta.xml.bind-api/2.3.3/jakarta.xml.bind-api-2.3.3.jar:/Users/indrajeet.khatri/.m2/repository/org/assertj/assertj-core/3.22.0/assertj-core-3.22.0.jar:/Users/indrajeet.khatri/.m2/repository/org/hamcrest/hamcrest/2.2/hamcrest-2.2.jar:/Users/indrajeet.khatri/.m2/repository/org/junit/jupiter/junit-jupiter/5.8.2/junit-jupiter-5.8.2.jar:/Users/indrajeet.khatri/.m2/repository/org/junit/jupiter/junit-jupiter-api/5.8.2/junit-jupiter-api-5.8.2.jar:/Users/indrajeet.khatri/.m2/repository/org/opentest4j/opentest4j/1.2.0/opentest4j-1.2.0.jar:/Users/indrajeet.khatri/.m2/repository/org/junit/platform/junit-platform-commons/1.8.2/junit-platform-commons-1.8.2.jar:/Users/indrajeet.khatri/.m2/repository/org/apiguardian/apiguardian-api/1.1.2/apiguardian-api-1.1.2.jar:/Users/indrajeet.khatri/.m2/repository/org/junit/jupiter/junit-jupiter-params/5.8.2/junit-jupiter-params-5.8.2.jar:/Users/indrajeet.khatri/.m2/repository/org/junit/jupiter/junit-jupiter-engine/5.8.2/junit-jupiter-engine-5.8.2.jar:/Users/indrajeet.khatri/.m2/repository/org/junit/platform/junit-platform-engine/1.8.2/junit-platform-engine-1.8.2.jar:/Users/indrajeet.khatri/.m2/repository/org/mockito/mockito-core/4.5.1/mockito-core-4.5.1.jar:/Users/indrajeet.khatri/.m2/repository/net/bytebuddy/byte-buddy-agent/1.12.17/byte-buddy-agent-1.12.17.jar:/Users/indrajeet.khatri/.m2/repository/org/objenesis/objenesis/3.2/objenesis-3.2.jar:/Users/indrajeet.khatri/.m2/repository/org/mockito/mockito-junit-jupiter/4.5.1/mockito-junit-jupiter-4.5.1.jar:/Users/indrajeet.khatri/.m2/repository/org/skyscreamer/jsonassert/1.5.1/jsonassert-1.5.1.jar:/Users/indrajeet.khatri/.m2/repository/com/vaadin/external/google/android-json/0.0.20131108.vaadin1/android-json-0.0.20131108.vaadin1.jar:/Users/indrajeet.khatri/.m2/repository/org/springframework/spring-core/5.3.23/spring-core-5.3.23.jar:/Users/indrajeet.khatri/.m2/repository/org/springframework/spring-jcl/5.3.23/spring-jcl-5.3.23.jar:/Users/indrajeet.khatri/.m2/repository/org/springframework/spring-test/5.3.23/spring-test-5.3.23.jar:/Users/indrajeet.khatri/.m2/repository/org/xmlunit/xmlunit-core/2.9.0/xmlunit-core-2.9.0.jar:"/>
    <property name="java.vm.vendor" value="Amazon.com Inc."/>
    <property name="sun.arch.data.model" value="64"/>
    <property name="java.vendor.url" value="https://aws.amazon.com/corretto/"/>
    <property name="os.name" value="Mac OS X"/>
    <property name="java.vm.specification.version" value="17"/>
    <property name="sun.java.launcher" value="SUN_STANDARD"/>
    <property name="user.country" value="IN"/>
    <property name="sun.boot.library.path" value="/Users/indrajeet.khatri/.sdkman/candidates/java/17.0.14-amzn/lib"/>
    <property name="sun.java.command" value="/Users/indrajeet.khatri/eclipse-workspace/gitdemo/assignment5-loan-mang/target/surefire/surefirebooter5978950899380880055.jar /Users/indrajeet.khatri/eclipse-workspace/gitdemo/assignment5-loan-mang/target/surefire 2025-03-23T18-29-25_214-jvmRun1 surefire11092557880999284921tmp surefire_04074349980390212867tmp"/>
    <property name="jdk.debug" value="release"/>
    <property name="surefire.test.class.path" value="/Users/indrajeet.khatri/eclipse-workspace/gitdemo/assignment5-loan-mang/target/test-classes:/Users/indrajeet.khatri/eclipse-workspace/gitdemo/assignment5-loan-mang/target/classes:/Users/indrajeet.khatri/.m2/repository/org/apache/cxf/cxf-spring-boot-starter-jaxws/3.5.4/cxf-spring-boot-starter-jaxws-3.5.4.jar:/Users/indrajeet.khatri/.m2/repository/org/springframework/boot/spring-boot-starter/2.7.4/spring-boot-starter-2.7.4.jar:/Users/indrajeet.khatri/.m2/repository/org/springframework/boot/spring-boot-starter-logging/2.7.4/spring-boot-starter-logging-2.7.4.jar:/Users/indrajeet.khatri/.m2/repository/ch/qos/logback/logback-classic/1.2.11/logback-classic-1.2.11.jar:/Users/indrajeet.khatri/.m2/repository/ch/qos/logback/logback-core/1.2.11/logback-core-1.2.11.jar:/Users/indrajeet.khatri/.m2/repository/org/apache/logging/log4j/log4j-to-slf4j/2.17.2/log4j-to-slf4j-2.17.2.jar:/Users/indrajeet.khatri/.m2/repository/org/apache/logging/log4j/log4j-api/2.17.2/log4j-api-2.17.2.jar:/Users/indrajeet.khatri/.m2/repository/org/slf4j/jul-to-slf4j/1.7.36/jul-to-slf4j-1.7.36.jar:/Users/indrajeet.khatri/.m2/repository/org/yaml/snakeyaml/1.30/snakeyaml-1.30.jar:/Users/indrajeet.khatri/.m2/repository/org/apache/cxf/cxf-spring-boot-autoconfigure/3.5.4/cxf-spring-boot-autoconfigure-3.5.4.jar:/Users/indrajeet.khatri/.m2/repository/org/apache/cxf/cxf-rt-transports-http/3.5.4/cxf-rt-transports-http-3.5.4.jar:/Users/indrajeet.khatri/.m2/repository/org/apache/cxf/cxf-core/3.5.4/cxf-core-3.5.4.jar:/Users/indrajeet.khatri/.m2/repository/com/fasterxml/woodstox/woodstox-core/6.2.8/woodstox-core-6.2.8.jar:/Users/indrajeet.khatri/.m2/repository/org/codehaus/woodstox/stax2-api/4.2.1/stax2-api-4.2.1.jar:/Users/indrajeet.khatri/.m2/repository/org/apache/ws/xmlschema/xmlschema-core/2.3.0/xmlschema-core-2.3.0.jar:/Users/indrajeet.khatri/.m2/repository/org/apache/cxf/cxf-rt-frontend-jaxws/3.5.4/cxf-rt-frontend-jaxws-3.5.4.jar:/Users/indrajeet.khatri/.m2/repository/xml-resolver/xml-resolver/1.2/xml-resolver-1.2.jar:/Users/indrajeet.khatri/.m2/repository/org/ow2/asm/asm/9.3/asm-9.3.jar:/Users/indrajeet.khatri/.m2/repository/org/apache/cxf/cxf-rt-bindings-soap/3.5.4/cxf-rt-bindings-soap-3.5.4.jar:/Users/indrajeet.khatri/.m2/repository/org/apache/cxf/cxf-rt-wsdl/3.5.4/cxf-rt-wsdl-3.5.4.jar:/Users/indrajeet.khatri/.m2/repository/wsdl4j/wsdl4j/1.6.3/wsdl4j-1.6.3.jar:/Users/indrajeet.khatri/.m2/repository/org/apache/cxf/cxf-rt-databinding-jaxb/3.5.4/cxf-rt-databinding-jaxb-3.5.4.jar:/Users/indrajeet.khatri/.m2/repository/org/apache/cxf/cxf-rt-bindings-xml/3.5.4/cxf-rt-bindings-xml-3.5.4.jar:/Users/indrajeet.khatri/.m2/repository/org/apache/cxf/cxf-rt-frontend-simple/3.5.4/cxf-rt-frontend-simple-3.5.4.jar:/Users/indrajeet.khatri/.m2/repository/org/apache/cxf/cxf-rt-ws-addr/3.5.4/cxf-rt-ws-addr-3.5.4.jar:/Users/indrajeet.khatri/.m2/repository/org/apache/cxf/cxf-rt-ws-policy/3.5.4/cxf-rt-ws-policy-3.5.4.jar:/Users/indrajeet.khatri/.m2/repository/org/apache/neethi/neethi/3.2.0/neethi-3.2.0.jar:/Users/indrajeet.khatri/.m2/repository/org/apache/cxf/cxf-rt-features-metrics/3.5.4/cxf-rt-features-metrics-3.5.4.jar:/Users/indrajeet.khatri/.m2/repository/jakarta/validation/jakarta.validation-api/2.0.2/jakarta.validation-api-2.0.2.jar:/Users/indrajeet.khatri/.m2/repository/org/springframework/boot/spring-boot-starter-validation/2.7.4/spring-boot-starter-validation-2.7.4.jar:/Users/indrajeet.khatri/.m2/repository/org/apache/tomcat/embed/tomcat-embed-el/9.0.65/tomcat-embed-el-9.0.65.jar:/Users/indrajeet.khatri/.m2/repository/org/hibernate/validator/hibernate-validator/6.2.5.Final/hibernate-validator-6.2.5.Final.jar:/Users/indrajeet.khatri/.m2/repository/jakarta/annotation/jakarta.annotation-api/1.3.5/jakarta.annotation-api-1.3.5.jar:/Users/indrajeet.khatri/.m2/repository/jakarta/xml/ws/jakarta.xml.ws-api/2.3.3/jakarta.xml.ws-api-2.3.3.jar:/Users/indrajeet.khatri/.m2/repository/jakarta/jws/jakarta.jws-api/2.1.0/jakarta.jws-api-2.1.0.jar:/Users/indrajeet.khatri/.m2/repository/jakarta/xml/soap/jakarta.xml.soap-api/1.4.2/jakarta.xml.soap-api-1.4.2.jar:/Users/indrajeet.khatri/.m2/repository/jakarta/activation/jakarta.activation-api/1.2.2/jakarta.activation-api-1.2.2.jar:/Users/indrajeet.khatri/.m2/repository/com/sun/activation/jakarta.activation/1.2.2/jakarta.activation-1.2.2.jar:/Users/indrajeet.khatri/.m2/repository/com/sun/xml/messaging/saaj/saaj-impl/1.5.3/saaj-impl-1.5.3.jar:/Users/indrajeet.khatri/.m2/repository/org/jvnet/staxex/stax-ex/1.8.3/stax-ex-1.8.3.jar:/Users/indrajeet.khatri/.m2/repository/org/apache/geronimo/specs/geronimo-jta_1.1_spec/1.1.1/geronimo-jta_1.1_spec-1.1.1.jar:/Users/indrajeet.khatri/.m2/repository/org/springframework/boot/spring-boot-starter-data-jpa/2.7.4/spring-boot-starter-data-jpa-2.7.4.jar:/Users/indrajeet.khatri/.m2/repository/org/springframework/boot/spring-boot-starter-aop/2.7.4/spring-boot-starter-aop-2.7.4.jar:/Users/indrajeet.khatri/.m2/repository/org/springframework/spring-aop/5.3.23/spring-aop-5.3.23.jar:/Users/indrajeet.khatri/.m2/repository/org/aspectj/aspectjweaver/1.9.7/aspectjweaver-1.9.7.jar:/Users/indrajeet.khatri/.m2/repository/org/springframework/boot/spring-boot-starter-jdbc/2.7.4/spring-boot-starter-jdbc-2.7.4.jar:/Users/indrajeet.khatri/.m2/repository/com/zaxxer/HikariCP/4.0.3/HikariCP-4.0.3.jar:/Users/indrajeet.khatri/.m2/repository/org/springframework/spring-jdbc/5.3.23/spring-jdbc-5.3.23.jar:/Users/indrajeet.khatri/.m2/repository/jakarta/transaction/jakarta.transaction-api/1.3.3/jakarta.transaction-api-1.3.3.jar:/Users/indrajeet.khatri/.m2/repository/jakarta/persistence/jakarta.persistence-api/2.2.3/jakarta.persistence-api-2.2.3.jar:/Users/indrajeet.khatri/.m2/repository/org/hibernate/hibernate-core/5.6.11.Final/hibernate-core-5.6.11.Final.jar:/Users/indrajeet.khatri/.m2/repository/org/jboss/logging/jboss-logging/3.4.3.Final/jboss-logging-3.4.3.Final.jar:/Users/indrajeet.khatri/.m2/repository/net/bytebuddy/byte-buddy/1.12.17/byte-buddy-1.12.17.jar:/Users/indrajeet.khatri/.m2/repository/antlr/antlr/2.7.7/antlr-2.7.7.jar:/Users/indrajeet.khatri/.m2/repository/org/jboss/jandex/2.4.2.Final/jandex-2.4.2.Final.jar:/Users/indrajeet.khatri/.m2/repository/com/fasterxml/classmate/1.5.1/classmate-1.5.1.jar:/Users/indrajeet.khatri/.m2/repository/org/hibernate/common/hibernate-commons-annotations/5.1.2.Final/hibernate-commons-annotations-5.1.2.Final.jar:/Users/indrajeet.khatri/.m2/repository/org/glassfish/jaxb/jaxb-runtime/2.3.6/jaxb-runtime-2.3.6.jar:/Users/indrajeet.khatri/.m2/repository/org/glassfish/jaxb/txw2/2.3.6/txw2-2.3.6.jar:/Users/indrajeet.khatri/.m2/repository/com/sun/istack/istack-commons-runtime/3.0.12/istack-commons-runtime-3.0.12.jar:/Users/indrajeet.khatri/.m2/repository/org/springframework/data/spring-data-jpa/2.7.3/spring-data-jpa-2.7.3.jar:/Users/indrajeet.khatri/.m2/repository/org/springframework/data/spring-data-commons/2.7.3/spring-data-commons-2.7.3.jar:/Users/indrajeet.khatri/.m2/repository/org/springframework/spring-orm/5.3.23/spring-orm-5.3.23.jar:/Users/indrajeet.khatri/.m2/repository/org/springframework/spring-context/5.3.23/spring-context-5.3.23.jar:/Users/indrajeet.khatri/.m2/repository/org/springframework/spring-tx/5.3.23/spring-tx-5.3.23.jar:/Users/indrajeet.khatri/.m2/repository/org/springframework/spring-beans/5.3.23/spring-beans-5.3.23.jar:/Users/indrajeet.khatri/.m2/repository/org/slf4j/slf4j-api/1.7.36/slf4j-api-1.7.36.jar:/Users/indrajeet.khatri/.m2/repository/org/springframework/spring-aspects/5.3.23/spring-aspects-5.3.23.jar:/Users/indrajeet.khatri/.m2/repository/org/springframework/boot/spring-boot-starter-web/2.7.4/spring-boot-starter-web-2.7.4.jar:/Users/indrajeet.khatri/.m2/repository/org/springframework/boot/spring-boot-starter-json/2.7.4/spring-boot-starter-json-2.7.4.jar:/Users/indrajeet.khatri/.m2/repository/com/fasterxml/jackson/core/jackson-databind/2.13.4/jackson-databind-2.13.4.jar:/Users/indrajeet.khatri/.m2/repository/com/fasterxml/jackson/core/jackson-annotations/2.13.4/jackson-annotations-2.13.4.jar:/Users/indrajeet.khatri/.m2/repository/com/fasterxml/jackson/core/jackson-core/2.13.4/jackson-core-2.13.4.jar:/Users/indrajeet.khatri/.m2/repository/com/fasterxml/jackson/datatype/jackson-datatype-jdk8/2.13.4/jackson-datatype-jdk8-2.13.4.jar:/Users/indrajeet.khatri/.m2/repository/com/fasterxml/jackson/datatype/jackson-datatype-jsr310/2.13.4/jackson-datatype-jsr310-2.13.4.jar:/Users/indrajeet.khatri/.m2/repository/com/fasterxml/jackson/module/jackson-module-parameter-names/2.13.4/jackson-module-parameter-names-2.13.4.jar:/Users/indrajeet.khatri/.m2/repository/org/springframework/boot/spring-boot-starter-tomcat/2.7.4/spring-boot-starter-tomcat-2.7.4.jar:/Users/indrajeet.khatri/.m2/repository/org/apache/tomcat/embed/tomcat-embed-core/9.0.65/tomcat-embed-core-9.0.65.jar:/Users/indrajeet.khatri/.m2/repository/org/apache/tomcat/embed/tomcat-embed-websocket/9.0.65/tomcat-embed-websocket-9.0.65.jar:/Users/indrajeet.khatri/.m2/repository/org/springframework/spring-web/5.3.23/spring-web-5.3.23.jar:/Users/indrajeet.khatri/.m2/repository/org/springframework/spring-webmvc/5.3.23/spring-webmvc-5.3.23.jar:/Users/indrajeet.khatri/.m2/repository/org/springframework/spring-expression/5.3.23/spring-expression-5.3.23.jar:/Users/indrajeet.khatri/.m2/repository/org/springframework/boot/spring-boot-devtools/2.7.4/spring-boot-devtools-2.7.4.jar:/Users/indrajeet.khatri/.m2/repository/org/springframework/boot/spring-boot/2.7.4/spring-boot-2.7.4.jar:/Users/indrajeet.khatri/.m2/repository/org/springframework/boot/spring-boot-autoconfigure/2.7.4/spring-boot-autoconfigure-2.7.4.jar:/Users/indrajeet.khatri/.m2/repository/org/postgresql/postgresql/42.3.7/postgresql-42.3.7.jar:/Users/indrajeet.khatri/.m2/repository/org/checkerframework/checker-qual/3.5.0/checker-qual-3.5.0.jar:/Users/indrajeet.khatri/.m2/repository/org/springframework/boot/spring-boot-starter-test/2.7.4/spring-boot-starter-test-2.7.4.jar:/Users/indrajeet.khatri/.m2/repository/org/springframework/boot/spring-boot-test/2.7.4/spring-boot-test-2.7.4.jar:/Users/indrajeet.khatri/.m2/repository/org/springframework/boot/spring-boot-test-autoconfigure/2.7.4/spring-boot-test-autoconfigure-2.7.4.jar:/Users/indrajeet.khatri/.m2/repository/com/jayway/jsonpath/json-path/2.7.0/json-path-2.7.0.jar:/Users/indrajeet.khatri/.m2/repository/net/minidev/json-smart/2.4.8/json-smart-2.4.8.jar:/Users/indrajeet.khatri/.m2/repository/net/minidev/accessors-smart/2.4.8/accessors-smart-2.4.8.jar:/Users/indrajeet.khatri/.m2/repository/jakarta/xml/bind/jakarta.xml.bind-api/2.3.3/jakarta.xml.bind-api-2.3.3.jar:/Users/indrajeet.khatri/.m2/repository/org/assertj/assertj-core/3.22.0/assertj-core-3.22.0.jar:/Users/indrajeet.khatri/.m2/repository/org/hamcrest/hamcrest/2.2/hamcrest-2.2.jar:/Users/indrajeet.khatri/.m2/repository/org/junit/jupiter/junit-jupiter/5.8.2/junit-jupiter-5.8.2.jar:/Users/indrajeet.khatri/.m2/repository/org/junit/jupiter/junit-jupiter-api/5.8.2/junit-jupiter-api-5.8.2.jar:/Users/indrajeet.khatri/.m2/repository/org/opentest4j/opentest4j/1.2.0/opentest4j-1.2.0.jar:/Users/indrajeet.khatri/.m2/repository/org/junit/platform/junit-platform-commons/1.8.2/junit-platform-commons-1.8.2.jar:/Users/indrajeet.khatri/.m2/repository/org/apiguardian/apiguardian-api/1.1.2/apiguardian-api-1.1.2.jar:/Users/indrajeet.khatri/.m2/repository/org/junit/jupiter/junit-jupiter-params/5.8.2/junit-jupiter-params-5.8.2.jar:/Users/indrajeet.khatri/.m2/repository/org/junit/jupiter/junit-jupiter-engine/5.8.2/junit-jupiter-engine-5.8.2.jar:/Users/indrajeet.khatri/.m2/repository/org/junit/platform/junit-platform-engine/1.8.2/junit-platform-engine-1.8.2.jar:/Users/indrajeet.khatri/.m2/repository/org/mockito/mockito-core/4.5.1/mockito-core-4.5.1.jar:/Users/indrajeet.khatri/.m2/repository/net/bytebuddy/byte-buddy-agent/1.12.17/byte-buddy-agent-1.12.17.jar:/Users/indrajeet.khatri/.m2/repository/org/objenesis/objenesis/3.2/objenesis-3.2.jar:/Users/indrajeet.khatri/.m2/repository/org/mockito/mockito-junit-jupiter/4.5.1/mockito-junit-jupiter-4.5.1.jar:/Users/indrajeet.khatri/.m2/repository/org/skyscreamer/jsonassert/1.5.1/jsonassert-1.5.1.jar:/Users/indrajeet.khatri/.m2/repository/com/vaadin/external/google/android-json/0.0.20131108.vaadin1/android-json-0.0.20131108.vaadin1.jar:/Users/indrajeet.khatri/.m2/repository/org/springframework/spring-core/5.3.23/spring-core-5.3.23.jar:/Users/indrajeet.khatri/.m2/repository/org/springframework/spring-jcl/5.3.23/spring-jcl-5.3.23.jar:/Users/indrajeet.khatri/.m2/repository/org/springframework/spring-test/5.3.23/spring-test-5.3.23.jar:/Users/indrajeet.khatri/.m2/repository/org/xmlunit/xmlunit-core/2.9.0/xmlunit-core-2.9.0.jar:"/>
    <property name="sun.cpu.endian" value="little"/>
    <property name="user.home" value="/Users/indrajeet.khatri"/>
    <property name="user.language" value="en"/>
    <property name="java.specification.vendor" value="Oracle Corporation"/>
    <property name="java.version.date" value="2025-01-21"/>
    <property name="java.home" value="/Users/indrajeet.khatri/.sdkman/candidates/java/17.0.14-amzn"/>
    <property name="file.separator" value="/"/>
    <property name="basedir" value="/Users/indrajeet.khatri/eclipse-workspace/gitdemo/assignment5-loan-mang"/>
    <property name="java.vm.compressedOopsMode" value="Zero based"/>
    <property name="line.separator" value="&#10;"/>
    <property name="java.specification.name" value="Java Platform API Specification"/>
    <property name="java.vm.specification.vendor" value="Oracle Corporation"/>
    <property name="surefire.real.class.path" value="/Users/indrajeet.khatri/eclipse-workspace/gitdemo/assignment5-loan-mang/target/surefire/surefirebooter5978950899380880055.jar"/>
    <property name="sun.management.compiler" value="HotSpot 64-Bit Tiered Compilers"/>
    <property name="java.runtime.version" value="17.0.14+7-LTS"/>
    <property name="user.name" value="indrajeet.khatri"/>
    <property name="path.separator" value=":"/>
    <property name="os.version" value="15.3.2"/>
    <property name="java.runtime.name" value="OpenJDK Runtime Environment"/>
    <property name="file.encoding" value="UTF-8"/>
    <property name="java.vm.name" value="OpenJDK 64-Bit Server VM"/>
    <property name="java.vendor.version" value="Corretto-17.0.14.7.1"/>
    <property name="localRepository" value="/Users/indrajeet.khatri/.m2/repository"/>
    <property name="java.vendor.url.bug" value="https://github.com/corretto/corretto-17/issues/"/>
    <property name="java.io.tmpdir" value="/var/folders/6q/6qqbl1z17r1b_l0vr547kg7h0000gp/T/"/>
    <property name="java.version" value="17.0.14"/>
    <property name="user.dir" value="/Users/indrajeet.khatri/eclipse-workspace/gitdemo/assignment5-loan-mang"/>
    <property name="os.arch" value="aarch64"/>
    <property name="java.vm.specification.name" value="Java Virtual Machine Specification"/>
    <property name="native.encoding" value="UTF-8"/>
    <property name="java.library.path" value="/Users/indrajeet.khatri/Library/Java/Extensions:/Library/Java/Extensions:/Network/Library/Java/Extensions:/System/Library/Java/Extensions:/usr/lib/java:."/>
    <property name="java.vm.info" value="mixed mode, sharing"/>
    <property name="java.vendor" value="Amazon.com Inc."/>
    <property name="java.vm.version" value="17.0.14+7-LTS"/>
    <property name="java.specification.maintenance.version" value="1"/>
    <property name="sun.io.unicode.encoding" value="UnicodeBig"/>
    <property name="java.class.version" value="61.0"/>
  </properties>
  <testcase name="contextLoads" classname="com.valtech.training.assignment5loanmang.Assignment5LoanMangApplicationTests" time="0.047"/>
</testsuite>