<?xml version="1.0" encoding="UTF-8"?>
<testsuite xmlns:xsi="http://www.w3.org/2001/XMLSchema-instance" xsi:noNamespaceSchemaLocation="https://maven.apache.org/surefire/maven-surefire-plugin/xsd/surefire-test-report.xsd" version="3.0.2" name="com.valtech.training.quizservice.service.QuestionClientTest" time="0.134" tests="2" errors="0" skipped="0" failures="0">
  <properties>
    <property name="java.specification.version" value="17"/>
    <property name="sun.jnu.encoding" value="UTF-8"/>
    <property name="java.class.path" value="/Users/indrajeet.khatri/eclipse-workspace/gitdemo/quiz-service/target/test-classes:/Users/indrajeet.khatri/eclipse-workspace/gitdemo/quiz-service/target/classes:/Users/indrajeet.khatri/.m2/repository/org/springframework/boot/spring-boot-starter-data-jpa/3.4.3/spring-boot-starter-data-jpa-3.4.3.jar:/Users/indrajeet.khatri/.m2/repository/org/springframework/boot/spring-boot-starter/3.4.3/spring-boot-starter-3.4.3.jar:/Users/indrajeet.khatri/.m2/repository/org/springframework/boot/spring-boot-starter-logging/3.4.3/spring-boot-starter-logging-3.4.3.jar:/Users/indrajeet.khatri/.m2/repository/ch/qos/logback/logback-classic/1.5.16/logback-classic-1.5.16.jar:/Users/indrajeet.khatri/.m2/repository/ch/qos/logback/logback-core/1.5.16/logback-core-1.5.16.jar:/Users/indrajeet.khatri/.m2/repository/org/apache/logging/log4j/log4j-to-slf4j/2.24.3/log4j-to-slf4j-2.24.3.jar:/Users/indrajeet.khatri/.m2/repository/org/apache/logging/log4j/log4j-api/2.24.3/log4j-api-2.24.3.jar:/Users/indrajeet.khatri/.m2/repository/org/slf4j/jul-to-slf4j/2.0.16/jul-to-slf4j-2.0.16.jar:/Users/indrajeet.khatri/.m2/repository/jakarta/annotation/jakarta.annotation-api/2.1.1/jakarta.annotation-api-2.1.1.jar:/Users/indrajeet.khatri/.m2/repository/org/yaml/snakeyaml/2.3/snakeyaml-2.3.jar:/Users/indrajeet.khatri/.m2/repository/org/springframework/boot/spring-boot-starter-jdbc/3.4.3/spring-boot-starter-jdbc-3.4.3.jar:/Users/indrajeet.khatri/.m2/repository/com/zaxxer/HikariCP/5.1.0/HikariCP-5.1.0.jar:/Users/indrajeet.khatri/.m2/repository/org/springframework/spring-jdbc/6.2.3/spring-jdbc-6.2.3.jar:/Users/indrajeet.khatri/.m2/repository/org/hibernate/orm/hibernate-core/6.6.8.Final/hibernate-core-6.6.8.Final.jar:/Users/indrajeet.khatri/.m2/repository/jakarta/persistence/jakarta.persistence-api/3.1.0/jakarta.persistence-api-3.1.0.jar:/Users/indrajeet.khatri/.m2/repository/jakarta/transaction/jakarta.transaction-api/2.0.1/jakarta.transaction-api-2.0.1.jar:/Users/indrajeet.khatri/.m2/repository/org/jboss/logging/jboss-logging/3.6.1.Final/jboss-logging-3.6.1.Final.jar:/Users/indrajeet.khatri/.m2/repository/org/hibernate/common/hibernate-commons-annotations/7.0.3.Final/hibernate-commons-annotations-7.0.3.Final.jar:/Users/indrajeet.khatri/.m2/repository/io/smallrye/jandex/3.2.0/jandex-3.2.0.jar:/Users/indrajeet.khatri/.m2/repository/com/fasterxml/classmate/1.7.0/classmate-1.7.0.jar:/Users/indrajeet.khatri/.m2/repository/net/bytebuddy/byte-buddy/1.15.11/byte-buddy-1.15.11.jar:/Users/indrajeet.khatri/.m2/repository/org/glassfish/jaxb/jaxb-runtime/4.0.5/jaxb-runtime-4.0.5.jar:/Users/indrajeet.khatri/.m2/repository/org/glassfish/jaxb/jaxb-core/4.0.5/jaxb-core-4.0.5.jar:/Users/indrajeet.khatri/.m2/repository/org/eclipse/angus/angus-activation/2.0.2/angus-activation-2.0.2.jar:/Users/indrajeet.khatri/.m2/repository/org/glassfish/jaxb/txw2/4.0.5/txw2-4.0.5.jar:/Users/indrajeet.khatri/.m2/repository/com/sun/istack/istack-commons-runtime/4.1.2/istack-commons-runtime-4.1.2.jar:/Users/indrajeet.khatri/.m2/repository/jakarta/inject/jakarta.inject-api/2.0.1/jakarta.inject-api-2.0.1.jar:/Users/indrajeet.khatri/.m2/repository/org/antlr/antlr4-runtime/4.13.0/antlr4-runtime-4.13.0.jar:/Users/indrajeet.khatri/.m2/repository/org/springframework/data/spring-data-jpa/3.4.3/spring-data-jpa-3.4.3.jar:/Users/indrajeet.khatri/.m2/repository/org/springframework/data/spring-data-commons/3.4.3/spring-data-commons-3.4.3.jar:/Users/indrajeet.khatri/.m2/repository/org/springframework/spring-orm/6.2.3/spring-orm-6.2.3.jar:/Users/indrajeet.khatri/.m2/repository/org/springframework/spring-context/6.2.3/spring-context-6.2.3.jar:/Users/indrajeet.khatri/.m2/repository/org/springframework/spring-aop/6.2.3/spring-aop-6.2.3.jar:/Users/indrajeet.khatri/.m2/repository/org/springframework/spring-tx/6.2.3/spring-tx-6.2.3.jar:/Users/indrajeet.khatri/.m2/repository/org/springframework/spring-beans/6.2.3/spring-beans-6.2.3.jar:/Users/indrajeet.khatri/.m2/repository/org/slf4j/slf4j-api/2.0.16/slf4j-api-2.0.16.jar:/Users/indrajeet.khatri/.m2/repository/org/springframework/spring-aspects/6.2.3/spring-aspects-6.2.3.jar:/Users/indrajeet.khatri/.m2/repository/org/aspectj/aspectjweaver/1.9.22.1/aspectjweaver-1.9.22.1.jar:/Users/indrajeet.khatri/.m2/repository/org/springframework/boot/spring-boot-starter-web/3.4.3/spring-boot-starter-web-3.4.3.jar:/Users/indrajeet.khatri/.m2/repository/org/springframework/boot/spring-boot-starter-json/3.4.3/spring-boot-starter-json-3.4.3.jar:/Users/indrajeet.khatri/.m2/repository/com/fasterxml/jackson/core/jackson-databind/2.18.2/jackson-databind-2.18.2.jar:/Users/indrajeet.khatri/.m2/repository/com/fasterxml/jackson/datatype/jackson-datatype-jdk8/2.18.2/jackson-datatype-jdk8-2.18.2.jar:/Users/indrajeet.khatri/.m2/repository/com/fasterxml/jackson/datatype/jackson-datatype-jsr310/2.18.2/jackson-datatype-jsr310-2.18.2.jar:/Users/indrajeet.khatri/.m2/repository/com/fasterxml/jackson/module/jackson-module-parameter-names/2.18.2/jackson-module-parameter-names-2.18.2.jar:/Users/indrajeet.khatri/.m2/repository/org/springframework/boot/spring-boot-starter-tomcat/3.4.3/spring-boot-starter-tomcat-3.4.3.jar:/Users/indrajeet.khatri/.m2/repository/org/apache/tomcat/embed/tomcat-embed-core/10.1.36/tomcat-embed-core-10.1.36.jar:/Users/indrajeet.khatri/.m2/repository/org/apache/tomcat/embed/tomcat-embed-el/10.1.36/tomcat-embed-el-10.1.36.jar:/Users/indrajeet.khatri/.m2/repository/org/apache/tomcat/embed/tomcat-embed-websocket/10.1.36/tomcat-embed-websocket-10.1.36.jar:/Users/indrajeet.khatri/.m2/repository/org/springframework/spring-web/6.2.3/spring-web-6.2.3.jar:/Users/indrajeet.khatri/.m2/repository/io/micrometer/micrometer-observation/1.14.4/micrometer-observation-1.14.4.jar:/Users/indrajeet.khatri/.m2/repository/io/micrometer/micrometer-commons/1.14.4/micrometer-commons-1.14.4.jar:/Users/indrajeet.khatri/.m2/repository/org/springframework/spring-webmvc/6.2.3/spring-webmvc-6.2.3.jar:/Users/indrajeet.khatri/.m2/repository/org/springframework/spring-expression/6.2.3/spring-expression-6.2.3.jar:/Users/indrajeet.khatri/.m2/repository/org/springframework/cloud/spring-cloud-starter-netflix-eureka-client/4.2.0/spring-cloud-starter-netflix-eureka-client-4.2.0.jar:/Users/indrajeet.khatri/.m2/repository/org/springframework/cloud/spring-cloud-starter/4.2.0/spring-cloud-starter-4.2.0.jar:/Users/indrajeet.khatri/.m2/repository/org/springframework/cloud/spring-cloud-context/4.2.0/spring-cloud-context-4.2.0.jar:/Users/indrajeet.khatri/.m2/repository/org/springframework/security/spring-security-crypto/6.4.3/spring-security-crypto-6.4.3.jar:/Users/indrajeet.khatri/.m2/repository/org/springframework/cloud/spring-cloud-commons/4.2.0/spring-cloud-commons-4.2.0.jar:/Users/indrajeet.khatri/.m2/repository/org/bouncycastle/bcprov-jdk18on/1.78.1/bcprov-jdk18on-1.78.1.jar:/Users/indrajeet.khatri/.m2/repository/org/springframework/cloud/spring-cloud-netflix-eureka-client/4.2.0/spring-cloud-netflix-eureka-client-4.2.0.jar:/Users/indrajeet.khatri/.m2/repository/org/apache/httpcomponents/client5/httpclient5/5.4.2/httpclient5-5.4.2.jar:/Users/indrajeet.khatri/.m2/repository/org/apache/httpcomponents/core5/httpcore5/5.3.3/httpcore5-5.3.3.jar:/Users/indrajeet.khatri/.m2/repository/org/apache/httpcomponents/core5/httpcore5-h2/5.3.3/httpcore5-h2-5.3.3.jar:/Users/indrajeet.khatri/.m2/repository/com/netflix/eureka/eureka-client/2.0.4/eureka-client-2.0.4.jar:/Users/indrajeet.khatri/.m2/repository/com/thoughtworks/xstream/xstream/1.4.20/xstream-1.4.20.jar:/Users/indrajeet.khatri/.m2/repository/io/github/x-stream/mxparser/1.2.2/mxparser-1.2.2.jar:/Users/indrajeet.khatri/.m2/repository/xmlpull/xmlpull/1.1.3.1/xmlpull-1.1.3.1.jar:/Users/indrajeet.khatri/.m2/repository/jakarta/ws/rs/jakarta.ws.rs-api/3.1.0/jakarta.ws.rs-api-3.1.0.jar:/Users/indrajeet.khatri/.m2/repository/com/netflix/spectator/spectator-api/1.7.3/spectator-api-1.7.3.jar:/Users/indrajeet.khatri/.m2/repository/org/apache/httpcomponents/httpclient/4.5.3/httpclient-4.5.3.jar:/Users/indrajeet.khatri/.m2/repository/org/apache/httpcomponents/httpcore/4.4.16/httpcore-4.4.16.jar:/Users/indrajeet.khatri/.m2/repository/commons-codec/commons-codec/1.17.2/commons-codec-1.17.2.jar:/Users/indrajeet.khatri/.m2/repository/commons-configuration/commons-configuration/1.10/commons-configuration-1.10.jar:/Users/indrajeet.khatri/.m2/repository/commons-lang/commons-lang/2.6/commons-lang-2.6.jar:/Users/indrajeet.khatri/.m2/repository/com/fasterxml/jackson/core/jackson-annotations/2.18.2/jackson-annotations-2.18.2.jar:/Users/indrajeet.khatri/.m2/repository/com/fasterxml/jackson/core/jackson-core/2.18.2/jackson-core-2.18.2.jar:/Users/indrajeet.khatri/.m2/repository/com/netflix/netflix-commons/netflix-eventbus/0.3.0/netflix-eventbus-0.3.0.jar:/Users/indrajeet.khatri/.m2/repository/com/netflix/netflix-commons/netflix-infix/0.3.0/netflix-infix-0.3.0.jar:/Users/indrajeet.khatri/.m2/repository/commons-jxpath/commons-jxpath/1.3/commons-jxpath-1.3.jar:/Users/indrajeet.khatri/.m2/repository/joda-time/joda-time/2.3/joda-time-2.3.jar:/Users/indrajeet.khatri/.m2/repository/org/antlr/antlr-runtime/3.4/antlr-runtime-3.4.jar:/Users/indrajeet.khatri/.m2/repository/org/antlr/stringtemplate/3.2.1/stringtemplate-3.2.1.jar:/Users/indrajeet.khatri/.m2/repository/antlr/antlr/2.7.7/antlr-2.7.7.jar:/Users/indrajeet.khatri/.m2/repository/com/google/guava/guava/14.0.1/guava-14.0.1.jar:/Users/indrajeet.khatri/.m2/repository/com/google/code/gson/gson/2.11.0/gson-2.11.0.jar:/Users/indrajeet.khatri/.m2/repository/com/google/errorprone/error_prone_annotations/2.27.0/error_prone_annotations-2.27.0.jar:/Users/indrajeet.khatri/.m2/repository/com/netflix/servo/servo-core/0.5.3/servo-core-0.5.3.jar:/Users/indrajeet.khatri/.m2/repository/org/apache/commons/commons-math/2.2/commons-math-2.2.jar:/Users/indrajeet.khatri/.m2/repository/javax/annotation/javax.annotation-api/1.2/javax.annotation-api-1.2.jar:/Users/indrajeet.khatri/.m2/repository/org/codehaus/jettison/jettison/1.5.4/jettison-1.5.4.jar:/Users/indrajeet.khatri/.m2/repository/org/springframework/cloud/spring-cloud-starter-loadbalancer/4.2.0/spring-cloud-starter-loadbalancer-4.2.0.jar:/Users/indrajeet.khatri/.m2/repository/org/springframework/cloud/spring-cloud-loadbalancer/4.2.0/spring-cloud-loadbalancer-4.2.0.jar:/Users/indrajeet.khatri/.m2/repository/io/projectreactor/reactor-core/3.7.3/reactor-core-3.7.3.jar:/Users/indrajeet.khatri/.m2/repository/org/reactivestreams/reactive-streams/1.0.4/reactive-streams-1.0.4.jar:/Users/indrajeet.khatri/.m2/repository/io/projectreactor/addons/reactor-extra/3.5.2/reactor-extra-3.5.2.jar:/Users/indrajeet.khatri/.m2/repository/org/springframework/boot/spring-boot-starter-cache/3.4.3/spring-boot-starter-cache-3.4.3.jar:/Users/indrajeet.khatri/.m2/repository/org/springframework/spring-context-support/6.2.3/spring-context-support-6.2.3.jar:/Users/indrajeet.khatri/.m2/repository/com/stoyanr/evictor/1.0.0/evictor-1.0.0.jar:/Users/indrajeet.khatri/.m2/repository/org/springframework/boot/spring-boot-devtools/3.4.3/spring-boot-devtools-3.4.3.jar:/Users/indrajeet.khatri/.m2/repository/org/springframework/boot/spring-boot/3.4.3/spring-boot-3.4.3.jar:/Users/indrajeet.khatri/.m2/repository/org/springframework/boot/spring-boot-autoconfigure/3.4.3/spring-boot-autoconfigure-3.4.3.jar:/Users/indrajeet.khatri/.m2/repository/org/postgresql/postgresql/42.7.5/postgresql-42.7.5.jar:/Users/indrajeet.khatri/.m2/repository/org/checkerframework/checker-qual/3.48.3/checker-qual-3.48.3.jar:/Users/indrajeet.khatri/.m2/repository/org/springframework/boot/spring-boot-starter-test/3.4.3/spring-boot-starter-test-3.4.3.jar:/Users/indrajeet.khatri/.m2/repository/org/springframework/boot/spring-boot-test/3.4.3/spring-boot-test-3.4.3.jar:/Users/indrajeet.khatri/.m2/repository/org/springframework/boot/spring-boot-test-autoconfigure/3.4.3/spring-boot-test-autoconfigure-3.4.3.jar:/Users/indrajeet.khatri/.m2/repository/com/jayway/jsonpath/json-path/2.9.0/json-path-2.9.0.jar:/Users/indrajeet.khatri/.m2/repository/jakarta/xml/bind/jakarta.xml.bind-api/4.0.2/jakarta.xml.bind-api-4.0.2.jar:/Users/indrajeet.khatri/.m2/repository/jakarta/activation/jakarta.activation-api/2.1.3/jakarta.activation-api-2.1.3.jar:/Users/indrajeet.khatri/.m2/repository/net/minidev/json-smart/2.5.2/json-smart-2.5.2.jar:/Users/indrajeet.khatri/.m2/repository/net/minidev/accessors-smart/2.5.2/accessors-smart-2.5.2.jar:/Users/indrajeet.khatri/.m2/repository/org/ow2/asm/asm/9.7.1/asm-9.7.1.jar:/Users/indrajeet.khatri/.m2/repository/org/assertj/assertj-core/3.26.3/assertj-core-3.26.3.jar:/Users/indrajeet.khatri/.m2/repository/org/awaitility/awaitility/4.2.2/awaitility-4.2.2.jar:/Users/indrajeet.khatri/.m2/repository/org/hamcrest/hamcrest/2.2/hamcrest-2.2.jar:/Users/indrajeet.khatri/.m2/repository/org/junit/jupiter/junit-jupiter/5.11.4/junit-jupiter-5.11.4.jar:/Users/indrajeet.khatri/.m2/repository/org/junit/jupiter/junit-jupiter-api/5.11.4/junit-jupiter-api-5.11.4.jar:/Users/indrajeet.khatri/.m2/repository/org/opentest4j/opentest4j/1.3.0/opentest4j-1.3.0.jar:/Users/indrajeet.khatri/.m2/repository/org/junit/platform/junit-platform-commons/1.11.4/junit-platform-commons-1.11.4.jar:/Users/indrajeet.khatri/.m2/repository/org/apiguardian/apiguardian-api/1.1.2/apiguardian-api-1.1.2.jar:/Users/indrajeet.khatri/.m2/repository/org/junit/jupiter/junit-jupiter-params/5.11.4/junit-jupiter-params-5.11.4.jar:/Users/indrajeet.khatri/.m2/repository/org/junit/jupiter/junit-jupiter-engine/5.11.4/junit-jupiter-engine-5.11.4.jar:/Users/indrajeet.khatri/.m2/repository/org/junit/platform/junit-platform-engine/1.11.4/junit-platform-engine-1.11.4.jar:/Users/indrajeet.khatri/.m2/repository/org/mockito/mockito-core/5.14.2/mockito-core-5.14.2.jar:/Users/indrajeet.khatri/.m2/repository/net/bytebuddy/byte-buddy-agent/1.15.11/byte-buddy-agent-1.15.11.jar:/Users/indrajeet.khatri/.m2/repository/org/objenesis/objenesis/3.3/objenesis-3.3.jar:/Users/indrajeet.khatri/.m2/repository/org/mockito/mockito-junit-jupiter/5.14.2/mockito-junit-jupiter-5.14.2.jar:/Users/indrajeet.khatri/.m2/repository/org/skyscreamer/jsonassert/1.5.3/jsonassert-1.5.3.jar:/Users/indrajeet.khatri/.m2/repository/com/vaadin/external/google/android-json/0.0.20131108.vaadin1/android-json-0.0.20131108.vaadin1.jar:/Users/indrajeet.khatri/.m2/repository/org/springframework/spring-core/6.2.3/spring-core-6.2.3.jar:/Users/indrajeet.khatri/.m2/repository/org/springframework/spring-jcl/6.2.3/spring-jcl-6.2.3.jar:/Users/indrajeet.khatri/.m2/repository/org/springframework/spring-test/6.2.3/spring-test-6.2.3.jar:/Users/indrajeet.khatri/.m2/repository/org/xmlunit/xmlunit-core/2.10.0/xmlunit-core-2.10.0.jar:"/>
    <property name="java.vm.vendor" value="Amazon.com Inc."/>
    <property name="sun.arch.data.model" value="64"/>
    <property name="java.vendor.url" value="https://aws.amazon.com/corretto/"/>
    <property name="user.timezone" value="Asia/Kolkata"/>
    <property name="org.jboss.logging.provider" value="slf4j"/>
    <property name="os.name" value="Mac OS X"/>
    <property name="java.vm.specification.version" value="17"/>
    <property name="APPLICATION_NAME" value="quiz-service"/>
    <property name="sun.java.launcher" value="SUN_STANDARD"/>
    <property name="user.country" value="IN"/>
    <property name="sun.boot.library.path" value="/Users/indrajeet.khatri/.sdkman/candidates/java/17.0.14-amzn/lib"/>
    <property name="sun.java.command" value="/Users/indrajeet.khatri/eclipse-workspace/gitdemo/quiz-service/target/surefire/surefirebooter-20250318193700732_3.jar /Users/indrajeet.khatri/eclipse-workspace/gitdemo/quiz-service/target/surefire 2025-03-18T19-37-00_702-jvmRun1 surefire-20250318193700732_1tmp surefire_0-20250318193700732_2tmp"/>
    <property name="jdk.debug" value="release"/>
    <property name="surefire.test.class.path" value="/Users/indrajeet.khatri/eclipse-workspace/gitdemo/quiz-service/target/test-classes:/Users/indrajeet.khatri/eclipse-workspace/gitdemo/quiz-service/target/classes:/Users/indrajeet.khatri/.m2/repository/org/springframework/boot/spring-boot-starter-data-jpa/3.4.3/spring-boot-starter-data-jpa-3.4.3.jar:/Users/indrajeet.khatri/.m2/repository/org/springframework/boot/spring-boot-starter/3.4.3/spring-boot-starter-3.4.3.jar:/Users/indrajeet.khatri/.m2/repository/org/springframework/boot/spring-boot-starter-logging/3.4.3/spring-boot-starter-logging-3.4.3.jar:/Users/indrajeet.khatri/.m2/repository/ch/qos/logback/logback-classic/1.5.16/logback-classic-1.5.16.jar:/Users/indrajeet.khatri/.m2/repository/ch/qos/logback/logback-core/1.5.16/logback-core-1.5.16.jar:/Users/indrajeet.khatri/.m2/repository/org/apache/logging/log4j/log4j-to-slf4j/2.24.3/log4j-to-slf4j-2.24.3.jar:/Users/indrajeet.khatri/.m2/repository/org/apache/logging/log4j/log4j-api/2.24.3/log4j-api-2.24.3.jar:/Users/indrajeet.khatri/.m2/repository/org/slf4j/jul-to-slf4j/2.0.16/jul-to-slf4j-2.0.16.jar:/Users/indrajeet.khatri/.m2/repository/jakarta/annotation/jakarta.annotation-api/2.1.1/jakarta.annotation-api-2.1.1.jar:/Users/indrajeet.khatri/.m2/repository/org/yaml/snakeyaml/2.3/snakeyaml-2.3.jar:/Users/indrajeet.khatri/.m2/repository/org/springframework/boot/spring-boot-starter-jdbc/3.4.3/spring-boot-starter-jdbc-3.4.3.jar:/Users/indrajeet.khatri/.m2/repository/com/zaxxer/HikariCP/5.1.0/HikariCP-5.1.0.jar:/Users/indrajeet.khatri/.m2/repository/org/springframework/spring-jdbc/6.2.3/spring-jdbc-6.2.3.jar:/Users/indrajeet.khatri/.m2/repository/org/hibernate/orm/hibernate-core/6.6.8.Final/hibernate-core-6.6.8.Final.jar:/Users/indrajeet.khatri/.m2/repository/jakarta/persistence/jakarta.persistence-api/3.1.0/jakarta.persistence-api-3.1.0.jar:/Users/indrajeet.khatri/.m2/repository/jakarta/transaction/jakarta.transaction-api/2.0.1/jakarta.transaction-api-2.0.1.jar:/Users/indrajeet.khatri/.m2/repository/org/jboss/logging/jboss-logging/3.6.1.Final/jboss-logging-3.6.1.Final.jar:/Users/indrajeet.khatri/.m2/repository/org/hibernate/common/hibernate-commons-annotations/7.0.3.Final/hibernate-commons-annotations-7.0.3.Final.jar:/Users/indrajeet.khatri/.m2/repository/io/smallrye/jandex/3.2.0/jandex-3.2.0.jar:/Users/indrajeet.khatri/.m2/repository/com/fasterxml/classmate/1.7.0/classmate-1.7.0.jar:/Users/indrajeet.khatri/.m2/repository/net/bytebuddy/byte-buddy/1.15.11/byte-buddy-1.15.11.jar:/Users/indrajeet.khatri/.m2/repository/org/glassfish/jaxb/jaxb-runtime/4.0.5/jaxb-runtime-4.0.5.jar:/Users/indrajeet.khatri/.m2/repository/org/glassfish/jaxb/jaxb-core/4.0.5/jaxb-core-4.0.5.jar:/Users/indrajeet.khatri/.m2/repository/org/eclipse/angus/angus-activation/2.0.2/angus-activation-2.0.2.jar:/Users/indrajeet.khatri/.m2/repository/org/glassfish/jaxb/txw2/4.0.5/txw2-4.0.5.jar:/Users/indrajeet.khatri/.m2/repository/com/sun/istack/istack-commons-runtime/4.1.2/istack-commons-runtime-4.1.2.jar:/Users/indrajeet.khatri/.m2/repository/jakarta/inject/jakarta.inject-api/2.0.1/jakarta.inject-api-2.0.1.jar:/Users/indrajeet.khatri/.m2/repository/org/antlr/antlr4-runtime/4.13.0/antlr4-runtime-4.13.0.jar:/Users/indrajeet.khatri/.m2/repository/org/springframework/data/spring-data-jpa/3.4.3/spring-data-jpa-3.4.3.jar:/Users/indrajeet.khatri/.m2/repository/org/springframework/data/spring-data-commons/3.4.3/spring-data-commons-3.4.3.jar:/Users/indrajeet.khatri/.m2/repository/org/springframework/spring-orm/6.2.3/spring-orm-6.2.3.jar:/Users/indrajeet.khatri/.m2/repository/org/springframework/spring-context/6.2.3/spring-context-6.2.3.jar:/Users/indrajeet.khatri/.m2/repository/org/springframework/spring-aop/6.2.3/spring-aop-6.2.3.jar:/Users/indrajeet.khatri/.m2/repository/org/springframework/spring-tx/6.2.3/spring-tx-6.2.3.jar:/Users/indrajeet.khatri/.m2/repository/org/springframework/spring-beans/6.2.3/spring-beans-6.2.3.jar:/Users/indrajeet.khatri/.m2/repository/org/slf4j/slf4j-api/2.0.16/slf4j-api-2.0.16.jar:/Users/indrajeet.khatri/.m2/repository/org/springframework/spring-aspects/6.2.3/spring-aspects-6.2.3.jar:/Users/indrajeet.khatri/.m2/repository/org/aspectj/aspectjweaver/1.9.22.1/aspectjweaver-1.9.22.1.jar:/Users/indrajeet.khatri/.m2/repository/org/springframework/boot/spring-boot-starter-web/3.4.3/spring-boot-starter-web-3.4.3.jar:/Users/indrajeet.khatri/.m2/repository/org/springframework/boot/spring-boot-starter-json/3.4.3/spring-boot-starter-json-3.4.3.jar:/Users/indrajeet.khatri/.m2/repository/com/fasterxml/jackson/core/jackson-databind/2.18.2/jackson-databind-2.18.2.jar:/Users/indrajeet.khatri/.m2/repository/com/fasterxml/jackson/datatype/jackson-datatype-jdk8/2.18.2/jackson-datatype-jdk8-2.18.2.jar:/Users/indrajeet.khatri/.m2/repository/com/fasterxml/jackson/datatype/jackson-datatype-jsr310/2.18.2/jackson-datatype-jsr310-2.18.2.jar:/Users/indrajeet.khatri/.m2/repository/com/fasterxml/jackson/module/jackson-module-parameter-names/2.18.2/jackson-module-parameter-names-2.18.2.jar:/Users/indrajeet.khatri/.m2/repository/org/springframework/boot/spring-boot-starter-tomcat/3.4.3/spring-boot-starter-tomcat-3.4.3.jar:/Users/indrajeet.khatri/.m2/repository/org/apache/tomcat/embed/tomcat-embed-core/10.1.36/tomcat-embed-core-10.1.36.jar:/Users/indrajeet.khatri/.m2/repository/org/apache/tomcat/embed/tomcat-embed-el/10.1.36/tomcat-embed-el-10.1.36.jar:/Users/indrajeet.khatri/.m2/repository/org/apache/tomcat/embed/tomcat-embed-websocket/10.1.36/tomcat-embed-websocket-10.1.36.jar:/Users/indrajeet.khatri/.m2/repository/org/springframework/spring-web/6.2.3/spring-web-6.2.3.jar:/Users/indrajeet.khatri/.m2/repository/io/micrometer/micrometer-observation/1.14.4/micrometer-observation-1.14.4.jar:/Users/indrajeet.khatri/.m2/repository/io/micrometer/micrometer-commons/1.14.4/micrometer-commons-1.14.4.jar:/Users/indrajeet.khatri/.m2/repository/org/springframework/spring-webmvc/6.2.3/spring-webmvc-6.2.3.jar:/Users/indrajeet.khatri/.m2/repository/org/springframework/spring-expression/6.2.3/spring-expression-6.2.3.jar:/Users/indrajeet.khatri/.m2/repository/org/springframework/cloud/spring-cloud-starter-netflix-eureka-client/4.2.0/spring-cloud-starter-netflix-eureka-client-4.2.0.jar:/Users/indrajeet.khatri/.m2/repository/org/springframework/cloud/spring-cloud-starter/4.2.0/spring-cloud-starter-4.2.0.jar:/Users/indrajeet.khatri/.m2/repository/org/springframework/cloud/spring-cloud-context/4.2.0/spring-cloud-context-4.2.0.jar:/Users/indrajeet.khatri/.m2/repository/org/springframework/security/spring-security-crypto/6.4.3/spring-security-crypto-6.4.3.jar:/Users/indrajeet.khatri/.m2/repository/org/springframework/cloud/spring-cloud-commons/4.2.0/spring-cloud-commons-4.2.0.jar:/Users/indrajeet.khatri/.m2/repository/org/bouncycastle/bcprov-jdk18on/1.78.1/bcprov-jdk18on-1.78.1.jar:/Users/indrajeet.khatri/.m2/repository/org/springframework/cloud/spring-cloud-netflix-eureka-client/4.2.0/spring-cloud-netflix-eureka-client-4.2.0.jar:/Users/indrajeet.khatri/.m2/repository/org/apache/httpcomponents/client5/httpclient5/5.4.2/httpclient5-5.4.2.jar:/Users/indrajeet.khatri/.m2/repository/org/apache/httpcomponents/core5/httpcore5/5.3.3/httpcore5-5.3.3.jar:/Users/indrajeet.khatri/.m2/repository/org/apache/httpcomponents/core5/httpcore5-h2/5.3.3/httpcore5-h2-5.3.3.jar:/Users/indrajeet.khatri/.m2/repository/com/netflix/eureka/eureka-client/2.0.4/eureka-client-2.0.4.jar:/Users/indrajeet.khatri/.m2/repository/com/thoughtworks/xstream/xstream/1.4.20/xstream-1.4.20.jar:/Users/indrajeet.khatri/.m2/repository/io/github/x-stream/mxparser/1.2.2/mxparser-1.2.2.jar:/Users/indrajeet.khatri/.m2/repository/xmlpull/xmlpull/1.1.3.1/xmlpull-1.1.3.1.jar:/Users/indrajeet.khatri/.m2/repository/jakarta/ws/rs/jakarta.ws.rs-api/3.1.0/jakarta.ws.rs-api-3.1.0.jar:/Users/indrajeet.khatri/.m2/repository/com/netflix/spectator/spectator-api/1.7.3/spectator-api-1.7.3.jar:/Users/indrajeet.khatri/.m2/repository/org/apache/httpcomponents/httpclient/4.5.3/httpclient-4.5.3.jar:/Users/indrajeet.khatri/.m2/repository/org/apache/httpcomponents/httpcore/4.4.16/httpcore-4.4.16.jar:/Users/indrajeet.khatri/.m2/repository/commons-codec/commons-codec/1.17.2/commons-codec-1.17.2.jar:/Users/indrajeet.khatri/.m2/repository/commons-configuration/commons-configuration/1.10/commons-configuration-1.10.jar:/Users/indrajeet.khatri/.m2/repository/commons-lang/commons-lang/2.6/commons-lang-2.6.jar:/Users/indrajeet.khatri/.m2/repository/com/fasterxml/jackson/core/jackson-annotations/2.18.2/jackson-annotations-2.18.2.jar:/Users/indrajeet.khatri/.m2/repository/com/fasterxml/jackson/core/jackson-core/2.18.2/jackson-core-2.18.2.jar:/Users/indrajeet.khatri/.m2/repository/com/netflix/netflix-commons/netflix-eventbus/0.3.0/netflix-eventbus-0.3.0.jar:/Users/indrajeet.khatri/.m2/repository/com/netflix/netflix-commons/netflix-infix/0.3.0/netflix-infix-0.3.0.jar:/Users/indrajeet.khatri/.m2/repository/commons-jxpath/commons-jxpath/1.3/commons-jxpath-1.3.jar:/Users/indrajeet.khatri/.m2/repository/joda-time/joda-time/2.3/joda-time-2.3.jar:/Users/indrajeet.khatri/.m2/repository/org/antlr/antlr-runtime/3.4/antlr-runtime-3.4.jar:/Users/indrajeet.khatri/.m2/repository/org/antlr/stringtemplate/3.2.1/stringtemplate-3.2.1.jar:/Users/indrajeet.khatri/.m2/repository/antlr/antlr/2.7.7/antlr-2.7.7.jar:/Users/indrajeet.khatri/.m2/repository/com/google/guava/guava/14.0.1/guava-14.0.1.jar:/Users/indrajeet.khatri/.m2/repository/com/google/code/gson/gson/2.11.0/gson-2.11.0.jar:/Users/indrajeet.khatri/.m2/repository/com/google/errorprone/error_prone_annotations/2.27.0/error_prone_annotations-2.27.0.jar:/Users/indrajeet.khatri/.m2/repository/com/netflix/servo/servo-core/0.5.3/servo-core-0.5.3.jar:/Users/indrajeet.khatri/.m2/repository/org/apache/commons/commons-math/2.2/commons-math-2.2.jar:/Users/indrajeet.khatri/.m2/repository/javax/annotation/javax.annotation-api/1.2/javax.annotation-api-1.2.jar:/Users/indrajeet.khatri/.m2/repository/org/codehaus/jettison/jettison/1.5.4/jettison-1.5.4.jar:/Users/indrajeet.khatri/.m2/repository/org/springframework/cloud/spring-cloud-starter-loadbalancer/4.2.0/spring-cloud-starter-loadbalancer-4.2.0.jar:/Users/indrajeet.khatri/.m2/repository/org/springframework/cloud/spring-cloud-loadbalancer/4.2.0/spring-cloud-loadbalancer-4.2.0.jar:/Users/indrajeet.khatri/.m2/repository/io/projectreactor/reactor-core/3.7.3/reactor-core-3.7.3.jar:/Users/indrajeet.khatri/.m2/repository/org/reactivestreams/reactive-streams/1.0.4/reactive-streams-1.0.4.jar:/Users/indrajeet.khatri/.m2/repository/io/projectreactor/addons/reactor-extra/3.5.2/reactor-extra-3.5.2.jar:/Users/indrajeet.khatri/.m2/repository/org/springframework/boot/spring-boot-starter-cache/3.4.3/spring-boot-starter-cache-3.4.3.jar:/Users/indrajeet.khatri/.m2/repository/org/springframework/spring-context-support/6.2.3/spring-context-support-6.2.3.jar:/Users/indrajeet.khatri/.m2/repository/com/stoyanr/evictor/1.0.0/evictor-1.0.0.jar:/Users/indrajeet.khatri/.m2/repository/org/springframework/boot/spring-boot-devtools/3.4.3/spring-boot-devtools-3.4.3.jar:/Users/indrajeet.khatri/.m2/repository/org/springframework/boot/spring-boot/3.4.3/spring-boot-3.4.3.jar:/Users/indrajeet.khatri/.m2/repository/org/springframework/boot/spring-boot-autoconfigure/3.4.3/spring-boot-autoconfigure-3.4.3.jar:/Users/indrajeet.khatri/.m2/repository/org/postgresql/postgresql/42.7.5/postgresql-42.7.5.jar:/Users/indrajeet.khatri/.m2/repository/org/checkerframework/checker-qual/3.48.3/checker-qual-3.48.3.jar:/Users/indrajeet.khatri/.m2/repository/org/springframework/boot/spring-boot-starter-test/3.4.3/spring-boot-starter-test-3.4.3.jar:/Users/indrajeet.khatri/.m2/repository/org/springframework/boot/spring-boot-test/3.4.3/spring-boot-test-3.4.3.jar:/Users/indrajeet.khatri/.m2/repository/org/springframework/boot/spring-boot-test-autoconfigure/3.4.3/spring-boot-test-autoconfigure-3.4.3.jar:/Users/indrajeet.khatri/.m2/repository/com/jayway/jsonpath/json-path/2.9.0/json-path-2.9.0.jar:/Users/indrajeet.khatri/.m2/repository/jakarta/xml/bind/jakarta.xml.bind-api/4.0.2/jakarta.xml.bind-api-4.0.2.jar:/Users/indrajeet.khatri/.m2/repository/jakarta/activation/jakarta.activation-api/2.1.3/jakarta.activation-api-2.1.3.jar:/Users/indrajeet.khatri/.m2/repository/net/minidev/json-smart/2.5.2/json-smart-2.5.2.jar:/Users/indrajeet.khatri/.m2/repository/net/minidev/accessors-smart/2.5.2/accessors-smart-2.5.2.jar:/Users/indrajeet.khatri/.m2/repository/org/ow2/asm/asm/9.7.1/asm-9.7.1.jar:/Users/indrajeet.khatri/.m2/repository/org/assertj/assertj-core/3.26.3/assertj-core-3.26.3.jar:/Users/indrajeet.khatri/.m2/repository/org/awaitility/awaitility/4.2.2/awaitility-4.2.2.jar:/Users/indrajeet.khatri/.m2/repository/org/hamcrest/hamcrest/2.2/hamcrest-2.2.jar:/Users/indrajeet.khatri/.m2/repository/org/junit/jupiter/junit-jupiter/5.11.4/junit-jupiter-5.11.4.jar:/Users/indrajeet.khatri/.m2/repository/org/junit/jupiter/junit-jupiter-api/5.11.4/junit-jupiter-api-5.11.4.jar:/Users/indrajeet.khatri/.m2/repository/org/opentest4j/opentest4j/1.3.0/opentest4j-1.3.0.jar:/Users/indrajeet.khatri/.m2/repository/org/junit/platform/junit-platform-commons/1.11.4/junit-platform-commons-1.11.4.jar:/Users/indrajeet.khatri/.m2/repository/org/apiguardian/apiguardian-api/1.1.2/apiguardian-api-1.1.2.jar:/Users/indrajeet.khatri/.m2/repository/org/junit/jupiter/junit-jupiter-params/5.11.4/junit-jupiter-params-5.11.4.jar:/Users/indrajeet.khatri/.m2/repository/org/junit/jupiter/junit-jupiter-engine/5.11.4/junit-jupiter-engine-5.11.4.jar:/Users/indrajeet.khatri/.m2/repository/org/junit/platform/junit-platform-engine/1.11.4/junit-platform-engine-1.11.4.jar:/Users/indrajeet.khatri/.m2/repository/org/mockito/mockito-core/5.14.2/mockito-core-5.14.2.jar:/Users/indrajeet.khatri/.m2/repository/net/bytebuddy/byte-buddy-agent/1.15.11/byte-buddy-agent-1.15.11.jar:/Users/indrajeet.khatri/.m2/repository/org/objenesis/objenesis/3.3/objenesis-3.3.jar:/Users/indrajeet.khatri/.m2/repository/org/mockito/mockito-junit-jupiter/5.14.2/mockito-junit-jupiter-5.14.2.jar:/Users/indrajeet.khatri/.m2/repository/org/skyscreamer/jsonassert/1.5.3/jsonassert-1.5.3.jar:/Users/indrajeet.khatri/.m2/repository/com/vaadin/external/google/android-json/0.0.20131108.vaadin1/android-json-0.0.20131108.vaadin1.jar:/Users/indrajeet.khatri/.m2/repository/org/springframework/spring-core/6.2.3/spring-core-6.2.3.jar:/Users/indrajeet.khatri/.m2/repository/org/springframework/spring-jcl/6.2.3/spring-jcl-6.2.3.jar:/Users/indrajeet.khatri/.m2/repository/org/springframework/spring-test/6.2.3/spring-test-6.2.3.jar:/Users/indrajeet.khatri/.m2/repository/org/xmlunit/xmlunit-core/2.10.0/xmlunit-core-2.10.0.jar:"/>
    <property name="sun.cpu.endian" value="little"/>
    <property name="user.home" value="/Users/indrajeet.khatri"/>
    <property name="user.language" value="en"/>
    <property name="java.specification.vendor" value="Oracle Corporation"/>
    <property name="java.version.date" value="2025-01-21"/>
    <property name="java.home" value="/Users/indrajeet.khatri/.sdkman/candidates/java/17.0.14-amzn"/>
    <property name="file.separator" value="/"/>
    <property name="basedir" value="/Users/indrajeet.khatri/eclipse-workspace/gitdemo/quiz-service"/>
    <property name="java.vm.compressedOopsMode" value="Zero based"/>
    <property name="line.separator" value="&#10;"/>
    <property name="java.vm.specification.vendor" value="Oracle Corporation"/>
    <property name="java.specification.name" value="Java Platform API Specification"/>
    <property name="FILE_LOG_CHARSET" value="UTF-8"/>
    <property name="java.awt.headless" value="true"/>
    <property name="surefire.real.class.path" value="/Users/indrajeet.khatri/eclipse-workspace/gitdemo/quiz-service/target/surefire/surefirebooter-20250318193700732_3.jar"/>
    <property name="sun.management.compiler" value="HotSpot 64-Bit Tiered Compilers"/>
    <property name="java.runtime.version" value="17.0.14+7-LTS"/>
    <property name="user.name" value="indrajeet.khatri"/>
    <property name="path.separator" value=":"/>
    <property name="os.version" value="15.3.2"/>
    <property name="java.runtime.name" value="OpenJDK Runtime Environment"/>
    <property name="file.encoding" value="UTF-8"/>
    <property name="java.vm.name" value="OpenJDK 64-Bit Server VM"/>
    <property name="java.vendor.version" value="Corretto-17.0.14.7.1"/>
    <property name="localRepository" value="/Users/indrajeet.khatri/.m2/repository"/>
    <property name="java.vendor.url.bug" value="https://github.com/corretto/corretto-17/issues/"/>
    <property name="java.io.tmpdir" value="/var/folders/6q/6qqbl1z17r1b_l0vr547kg7h0000gp/T/"/>
    <property name="com.zaxxer.hikari.pool_number" value="1"/>
    <property name="java.version" value="17.0.14"/>
    <property name="user.dir" value="/Users/indrajeet.khatri/eclipse-workspace/gitdemo/quiz-service"/>
    <property name="os.arch" value="aarch64"/>
    <property name="java.vm.specification.name" value="Java Virtual Machine Specification"/>
    <property name="PID" value="58992"/>
    <property name="CONSOLE_LOG_CHARSET" value="UTF-8"/>
    <property name="native.encoding" value="UTF-8"/>
    <property name="java.library.path" value="/Users/indrajeet.khatri/Library/Java/Extensions:/Library/Java/Extensions:/Network/Library/Java/Extensions:/System/Library/Java/Extensions:/usr/lib/java:."/>
    <property name="java.vm.info" value="mixed mode, sharing"/>
    <property name="java.vendor" value="Amazon.com Inc."/>
    <property name="java.vm.version" value="17.0.14+7-LTS"/>
    <property name="java.specification.maintenance.version" value="1"/>
    <property name="sun.io.unicode.encoding" value="UnicodeBig"/>
    <property name="java.class.version" value="61.0"/>
    <property name="LOGGED_APPLICATION_NAME" value="[quiz-service] "/>
  </properties>
  <testcase name="questionsTest" classname="com.valtech.training.quizservice.service.QuestionClientTest" time="0.092">
    <system-out><![CDATA[2025-03-18T19:37:02.984+05:30  INFO 58992 --- [quiz-service] [           main] t.c.s.AnnotationConfigContextLoaderUtils : Could not detect default configuration classes for test class [com.valtech.training.quizservice.service.QuestionClientTest]: QuestionClientTest does not declare any static, non-private, non-final, nested classes annotated with @Configuration.
2025-03-18T19:37:02.988+05:30  INFO 58992 --- [quiz-service] [           main] .b.t.c.SpringBootTestContextBootstrapper : Found @SpringBootConfiguration com.valtech.training.quizservice.QuizServiceApplication for test class com.valtech.training.quizservice.service.QuestionClientTest
[QuestionVO[id=1, questionText=What is the color of sky ?, option1=Red, option2=Blue, option3=White, option4=Orange, correctOption=Blue, topic=GK], QuestionVO[id=2, questionText=What is the color of Mars ?, option1=Red, option2=Blue, option3=White, option4=Orange, correctOption=Red, topic=GK], QuestionVO[id=11, questionText=Can an interface have private method ?, option1=yes, option2=no, option3=may be, option4=no methods can be there in interface, correctOption=yes, topic=Java]]
]]></system-out>
  </testcase>
  <testcase name="test" classname="com.valtech.training.quizservice.service.QuestionClientTest" time="0.034">
    <system-out><![CDATA[========>>>>>>>>>>>>>[1, 5, 4]
========>>>>>>>>>>>>>[4, 1, 5]
GK questions[QuestionVO[id=4, questionText=What is the color of Jupiter ?, option1=Red, option2=Blue, option3=White, option4=Yellow, correctOption=Yellow, topic=GK], QuestionVO[id=1, questionText=What is the color of sky ?, option1=Red, option2=Blue, option3=White, option4=Orange, correctOption=Blue, topic=GK], QuestionVO[id=5, questionText=What is the color of Saturn ?, option1=Red, option2=Blue, option3=White, option4=Orange, correctOption=Blue, topic=GK]]
====================================
========>>>>>>>>>>>>>[5, 1, 2]
GK questions[QuestionVO[id=5, questionText=What is the color of Saturn ?, option1=Red, option2=Blue, option3=White, option4=Orange, correctOption=Blue, topic=GK], QuestionVO[id=1, questionText=What is the color of sky ?, option1=Red, option2=Blue, option3=White, option4=Orange, correctOption=Blue, topic=GK], QuestionVO[id=2, questionText=What is the color of Mars ?, option1=Red, option2=Blue, option3=White, option4=Orange, correctOption=Red, topic=GK]]
=================================
========>>>>>>>>>>>>>[11, 12]
]]></system-out>
  </testcase>
</testsuite>