<?xml version="1.0" encoding="UTF-8"?>
<testsuite xmlns:xsi="http://www.w3.org/2001/XMLSchema-instance" xsi:noNamespaceSchemaLocation="https://maven.apache.org/surefire/maven-surefire-plugin/xsd/surefire-test-report.xsd" version="3.0.1" name="com.valtech.training.simple.interest.AppTest" time="0.013" tests="1" errors="0" skipped="0" failures="0">
  <properties>
    <property name="java.specification.version" value="23"/>
    <property name="sun.jnu.encoding" value="UTF-8"/>
    <property name="java.class.path" value="/Users/indrajeet.khatri/eclipse-workspace/very-big-project/simple-interest/target/test-classes:/Users/indrajeet.khatri/eclipse-workspace/very-big-project/simple-interest/target/classes:/Users/indrajeet.khatri/.m2/repository/junit/junit/3.8.1/junit-3.8.1.jar:/Users/indrajeet.khatri/eclipse-workspace/very-big-project/arithmetic/target/classes:"/>
    <property name="java.vm.vendor" value="Amazon.com Inc."/>
    <property name="sun.arch.data.model" value="64"/>
    <property name="java.vendor.url" value="https://aws.amazon.com/corretto/"/>
    <property name="os.name" value="Mac OS X"/>
    <property name="java.vm.specification.version" value="23"/>
    <property name="sun.java.launcher" value="SUN_STANDARD"/>
    <property name="user.country" value="IN"/>
    <property name="sun.boot.library.path" value="/Users/indrajeet.khatri/.sdkman/candidates/java/23.0.1-amzn/lib"/>
    <property name="sun.java.command" value="/Users/indrajeet.khatri/eclipse-workspace/very-big-project/simple-interest/target/surefire/surefirebooter-20250217182008922_6.jar /Users/indrajeet.khatri/eclipse-workspace/very-big-project/simple-interest/target/surefire 2025-02-17T18-20-08_696-jvmRun1 surefire-20250217182008922_4tmp surefire_1-20250217182008922_5tmp"/>
    <property name="jdk.debug" value="release"/>
    <property name="surefire.test.class.path" value="/Users/indrajeet.khatri/eclipse-workspace/very-big-project/simple-interest/target/test-classes:/Users/indrajeet.khatri/eclipse-workspace/very-big-project/simple-interest/target/classes:/Users/indrajeet.khatri/.m2/repository/junit/junit/3.8.1/junit-3.8.1.jar:/Users/indrajeet.khatri/eclipse-workspace/very-big-project/arithmetic/target/classes:"/>
    <property name="sun.cpu.endian" value="little"/>
    <property name="user.home" value="/Users/indrajeet.khatri"/>
    <property name="user.language" value="en"/>
    <property name="java.specification.vendor" value="Oracle Corporation"/>
    <property name="java.version.date" value="2024-10-15"/>
    <property name="java.home" value="/Users/indrajeet.khatri/.sdkman/candidates/java/23.0.1-amzn"/>
    <property name="file.separator" value="/"/>
    <property name="basedir" value="/Users/indrajeet.khatri/eclipse-workspace/very-big-project/simple-interest"/>
    <property name="java.vm.compressedOopsMode" value="Zero based"/>
    <property name="line.separator" value="&#10;"/>
    <property name="java.specification.name" value="Java Platform API Specification"/>
    <property name="java.vm.specification.vendor" value="Oracle Corporation"/>
    <property name="apple.awt.application.name" value="ForkedBooter"/>
    <property name="surefire.real.class.path" value="/Users/indrajeet.khatri/eclipse-workspace/very-big-project/simple-interest/target/surefire/surefirebooter-20250217182008922_6.jar"/>
    <property name="sun.management.compiler" value="HotSpot 64-Bit Tiered Compilers"/>
    <property name="java.runtime.version" value="23.0.1+8-FR"/>
    <property name="user.name" value="indrajeet.khatri"/>
    <property name="stdout.encoding" value="UTF-8"/>
    <property name="path.separator" value=":"/>
    <property name="os.version" value="15.3.1"/>
    <property name="java.runtime.name" value="OpenJDK Runtime Environment"/>
    <property name="file.encoding" value="UTF-8"/>
    <property name="java.vm.name" value="OpenJDK 64-Bit Server VM"/>
    <property name="java.vendor.version" value="Corretto-23.0.1.8.1"/>
    <property name="localRepository" value="/Users/indrajeet.khatri/.m2/repository"/>
    <property name="java.vendor.url.bug" value="https://github.com/corretto/corretto-23/issues/"/>
    <property name="java.io.tmpdir" value="/var/folders/6q/6qqbl1z17r1b_l0vr547kg7h0000gp/T/"/>
    <property name="java.version" value="23.0.1"/>
    <property name="user.dir" value="/Users/indrajeet.khatri/eclipse-workspace/very-big-project/simple-interest"/>
    <property name="os.arch" value="aarch64"/>
    <property name="java.vm.specification.name" value="Java Virtual Machine Specification"/>
    <property name="native.encoding" value="UTF-8"/>
    <property name="java.library.path" value="/Users/indrajeet.khatri/Library/Java/Extensions:/Library/Java/Extensions:/Network/Library/Java/Extensions:/System/Library/Java/Extensions:/usr/lib/java:."/>
    <property name="java.vm.info" value="mixed mode, sharing"/>
    <property name="stderr.encoding" value="UTF-8"/>
    <property name="java.vendor" value="Amazon.com Inc."/>
    <property name="java.vm.version" value="23.0.1+8-FR"/>
    <property name="sun.io.unicode.encoding" value="UnicodeBig"/>
    <property name="java.class.version" value="67.0"/>
  </properties>
  <testcase name="testApp" classname="com.valtech.training.simple.interest.AppTest" time="0.002"/>
</testsuite>